mesh has 0 local minima
mesh flow has 0 cycles
upoints (length 19):
  [14,84] / [-8.8755,-3.2530]
  [13,85] / [-8.9558,-3.1727]
  [12,86] / [-9.0361,-3.0924]
  [11,87] / [-9.1165,-3.0120]
  [10,88] / [-9.1968,-2.9317]
  [11,88] / [-9.1165,-2.9317]
  [10,89] / [-9.1968,-2.8514]
  [12,87] / [-9.0361,-3.0120]
  [14,85] / [-8.8755,-3.1727]
  [13,86] / [-8.9558,-3.0924]
  [15,85] / [-8.7952,-3.1727]
  [14,86] / [-8.8755,-3.0924]
  [13,87] / [-8.9558,-3.0120]
  [15,86] / [-8.7952,-3.0924]
  [14,87] / [-8.8755,-3.0120]
  [15,87] / [-8.7952,-3.0120]
  [16,87] / [-8.7149,-3.0120]
  [16,86] / [-8.7149,-3.0924]
  [17,87] / [-8.6345,-3.0120]
polygon verts:
   0: [-8.9157,-3.2932]
   1: [-8.8353,-3.2932]
   2: [-8.8353,-3.2129]
   3: [-8.9157,-3.2129]
   4: [-8.9960,-3.2129]
   5: [-8.9157,-3.1325]
   6: [-8.9960,-3.1325]
   7: [-9.0763,-3.1325]
   8: [-8.9960,-3.1325]
   9: [-8.9960,-3.0522]
  10: [-9.0763,-3.0522]
  11: [-9.1566,-3.0522]
  12: [-9.0763,-2.9719]
  13: [-9.1566,-2.9719]
  14: [-9.2369,-2.9719]
  15: [-9.1566,-2.8916]
  16: [-9.2369,-2.8916]
  17: [-9.0763,-2.8916]
  18: [-9.1566,-2.8112]
  19: [-9.2369,-2.8112]
  20: [-8.9960,-2.9719]
  21: [-8.8353,-3.1325]
  22: [-8.9157,-3.0522]
  23: [-8.7550,-3.2129]
  24: [-8.7550,-3.1325]
  25: [-8.8353,-3.0522]
  26: [-8.9157,-2.9719]
  27: [-8.7550,-3.0522]
  28: [-8.8353,-2.9719]
  29: [-8.7550,-2.9719]
  30: [-8.6747,-3.0522]
  31: [-8.6747,-2.9719]
  32: [-8.6747,-3.1325]
  33: [-8.5944,-3.0522]
  34: [-8.5944,-2.9719]
polygon faces:
  [ 0, 1, 2 ]
  [ 2, 3, 0 ]
  [ 4, 3, 5 ]
  [ 5, 6, 4 ]
  [ 7, 8, 9 ]
  [ 9, 10, 7 ]
  [ 11, 10, 12 ]
  [ 12, 13, 11 ]
  [ 14, 13, 15 ]
  [ 15, 16, 14 ]
  [ 13, 12, 17 ]
  [ 17, 15, 13 ]
  [ 16, 15, 18 ]
  [ 18, 19, 16 ]
  [ 10, 9, 20 ]
  [ 20, 12, 10 ]
  [ 3, 2, 21 ]
  [ 21, 5, 3 ]
  [ 8, 5, 22 ]
  [ 22, 9, 8 ]
  [ 2, 23, 24 ]
  [ 24, 21, 2 ]
  [ 5, 21, 25 ]
  [ 25, 22, 5 ]
  [ 9, 22, 26 ]
  [ 26, 20, 9 ]
  [ 21, 24, 27 ]
  [ 27, 25, 21 ]
  [ 22, 25, 28 ]
  [ 28, 26, 22 ]
  [ 25, 27, 29 ]
  [ 29, 28, 25 ]
  [ 27, 30, 31 ]
  [ 31, 29, 27 ]
  [ 24, 32, 30 ]
  [ 30, 27, 24 ]
  [ 30, 33, 34 ]
  [ 34, 31, 30 ]
bdy polylines:
  polyline: [
    [-8.9157,-3.2932]
    [-8.8353,-3.2932]
    [-8.8353,-3.2129]
    [-8.7550,-3.2129]
    [-8.7550,-3.1325]
    [-8.6747,-3.1325]
    [-8.6747,-3.0522]
    [-8.5944,-3.0522]
    [-8.5944,-2.9719]
    [-8.6747,-2.9719]
    [-8.7550,-2.9719]
    [-8.8353,-2.9719]
    [-8.9157,-2.9719]
    [-8.9960,-2.9719]
    [-9.0763,-2.9719]
    [-9.0763,-2.8916]
    [-9.1566,-2.8916]
    [-9.1566,-2.8112]
    [-9.2369,-2.8112]
    [-9.2369,-2.8916]
    [-9.2369,-2.9719]
    [-9.1566,-2.9719]
    [-9.1566,-3.0522]
    [-9.0763,-3.0522]
    [-9.0763,-3.1325]
    [-8.9960,-3.1325]
    [-8.9157,-3.1325]
    [-8.9960,-3.1325]
    [-8.9960,-3.2129]
    [-8.9157,-3.2129]
  ]
